2024-12-18 17:23:49 - Database connection established
2024-12-18 17:23:49 - Incoming request: POST /auth/register
2024-12-18 17:23:49 - Handling request: POST /auth/register
2024-12-18 17:23:49 - Processing registration request
2024-12-18 17:23:49 - Registration data received: {"username":"alsoares","email":"alsores@gmail.com","password":"alsoares"}
2024-12-18 17:23:49 - User registered successfully: alsores@gmail.com
2024-12-18 17:24:05 - Database connection established
2024-12-18 17:24:05 - Incoming request: POST /auth/login
2024-12-18 17:24:05 - Handling request: POST /auth/login
2024-12-18 17:24:05 - Processing login request
2024-12-18 17:24:05 - Login data received: {"email":"alsoares@gmail.com","password":"alsoares"}
2024-12-18 17:24:05 - Invalid login credentials: alsoares@gmail.com
2024-12-18 17:24:10 - Database connection established
2024-12-18 17:24:10 - Incoming request: POST /auth/login
2024-12-18 17:24:10 - Handling request: POST /auth/login
2024-12-18 17:24:10 - Processing login request
2024-12-18 17:24:10 - Login data received: {"email":"alsoares@gmail.com","password":"alsoares"}
2024-12-18 17:24:10 - Invalid login credentials: alsoares@gmail.com
2024-12-18 17:24:21 - Database connection established
2024-12-18 17:24:21 - Incoming request: POST /auth/login
2024-12-18 17:24:21 - Handling request: POST /auth/login
2024-12-18 17:24:21 - Processing login request
2024-12-18 17:24:21 - Login data received: {"email":"alsores@gmail.com","password":"alsoares"}
2024-12-18 17:24:21 - Login successful: alsores@gmail.com
2024-12-18 17:24:21 - Database connection established
2024-12-18 17:24:21 - Incoming request: GET /teams
2024-12-18 17:24:21 - Handling request: GET /teams
2024-12-18 17:24:21 - Processing teams request
2024-12-18 17:24:21 - Teams data retrieved successfully
2024-12-18 17:24:34 - Database connection established
2024-12-18 17:24:34 - Incoming request: POST /auth/logout
2024-12-18 17:24:34 - Handling request: POST /auth/logout
2024-12-18 17:24:34 - User logged out
